c:\users\samee\downloads\compressed\project2\x64\debug\vc143.pdb
c:\users\samee\downloads\compressed\project2\x64\debug\.netframework,version=v4.7.2.assemblyattributes.obj
c:\users\samee\downloads\compressed\project2\x64\debug\searchword.obj
c:\users\samee\downloads\compressed\project2\x64\debug\narraytree.obj
c:\users\samee\downloads\compressed\project2\x64\debug\myform.obj
c:\users\samee\downloads\compressed\project2\x64\debug\deleteword.obj
c:\users\samee\downloads\compressed\project2\x64\debug\credits.obj
c:\users\samee\downloads\compressed\project2\x64\debug\app.obj
c:\users\samee\downloads\compressed\project2\x64\debug\adminpannel.obj
c:\users\samee\downloads\compressed\project2\x64\debug\addword.obj
c:\users\samee\downloads\compressed\project2\x64\debug\project2.exe
c:\users\samee\downloads\compressed\project2\x64\debug\project2.pdb
c:\users\samee\downloads\compressed\project2\x64\debug\project2.exe.metagen
c:\users\samee\downloads\compressed\project2\x64\debug\project2.tlog\cl.command.1.tlog
c:\users\samee\downloads\compressed\project2\x64\debug\project2.tlog\cl.items.tlog
c:\users\samee\downloads\compressed\project2\x64\debug\project2.tlog\cl.read.1.tlog
c:\users\samee\downloads\compressed\project2\x64\debug\project2.tlog\cl.write.1.tlog
c:\users\samee\downloads\compressed\project2\x64\debug\project2.tlog\link.command.1.tlog
c:\users\samee\downloads\compressed\project2\x64\debug\project2.tlog\link.read.1.tlog
c:\users\samee\downloads\compressed\project2\x64\debug\project2.tlog\link.write.1.tlog
c:\users\samee\downloads\compressed\project2\x64\debug\project2.tlog\metagen.read.1.tlog
c:\users\samee\downloads\compressed\project2\x64\debug\project2.tlog\metagen.write.1.tlog
c:\users\samee\downloads\compressed\project2\x64\debug\project2.tlog\resgen.command.1.tlog
c:\users\samee\downloads\compressed\project2\x64\debug\project2.tlog\resgen.read.1.tlog
c:\users\samee\downloads\compressed\project2\x64\debug\project2.tlog\resgen.write.1.tlog
